{"C:\\Users\\joaol\\OneDrive\\Documentos\\GitHub\\ES-2024-LIGE-Grupo-A\\testes\\functionsToTest.js": {"path":"C:\\Users\\joaol\\OneDrive\\Documentos\\GitHub\\ES-2024-LIGE-Grupo-A\\testes\\functionsToTest.js","statementMap":{"0":{"start":{"line":1,"column":14},"end":{"line":29,"column":3}},"1":{"start":{"line":31,"column":14},"end":{"line":142,"column":3}},"2":{"start":{"line":151,"column":22},"end":{"line":151,"column":41}},"3":{"start":{"line":152,"column":18},"end":{"line":152,"column":61}},"4":{"start":{"line":153,"column":4},"end":{"line":153,"column":71}},"5":{"start":{"line":153,"column":23},"end":{"line":153,"column":50}},"6":{"start":{"line":153,"column":56},"end":{"line":153,"column":71}},"7":{"start":{"line":165,"column":25},"end":{"line":165,"column":67}},"8":{"start":{"line":166,"column":26},"end":{"line":166,"column":27}},"9":{"start":{"line":167,"column":4},"end":{"line":167,"column":33}},"10":{"start":{"line":168,"column":4},"end":{"line":174,"column":5}},"11":{"start":{"line":169,"column":30},"end":{"line":169,"column":48}},"12":{"start":{"line":170,"column":25},"end":{"line":170,"column":47}},"13":{"start":{"line":172,"column":30},"end":{"line":172,"column":45}},"14":{"start":{"line":173,"column":25},"end":{"line":173,"column":26}},"15":{"start":{"line":175,"column":4},"end":{"line":175,"column":59}},"16":{"start":{"line":186,"column":4},"end":{"line":190,"column":5}},"17":{"start":{"line":187,"column":8},"end":{"line":187,"column":93}},"18":{"start":{"line":187,"column":37},"end":{"line":187,"column":91}},"19":{"start":{"line":189,"column":8},"end":{"line":189,"column":21}},"20":{"start":{"line":198,"column":4},"end":{"line":199,"column":55}},"21":{"start":{"line":199,"column":8},"end":{"line":199,"column":55}},"22":{"start":{"line":200,"column":4},"end":{"line":200,"column":16}},"23":{"start":{"line":220,"column":21},"end":{"line":234,"column":5}},"24":{"start":{"line":235,"column":4},"end":{"line":235,"column":20}},"25":{"start":{"line":246,"column":23},"end":{"line":246,"column":30}},"26":{"start":{"line":247,"column":13},"end":{"line":247,"column":22}},"27":{"start":{"line":248,"column":22},"end":{"line":248,"column":31}},"28":{"start":{"line":249,"column":19},"end":{"line":249,"column":28}},"29":{"start":{"line":250,"column":26},"end":{"line":250,"column":35}},"30":{"start":{"line":251,"column":23},"end":{"line":251,"column":32}},"31":{"start":{"line":252,"column":28},"end":{"line":252,"column":37}},"32":{"start":{"line":253,"column":23},"end":{"line":253,"column":32}},"33":{"start":{"line":254,"column":20},"end":{"line":254,"column":29}},"34":{"start":{"line":255,"column":22},"end":{"line":255,"column":26}},"35":{"start":{"line":256,"column":25},"end":{"line":256,"column":67}},"36":{"start":{"line":259,"column":18},"end":{"line":259,"column":55}},"37":{"start":{"line":260,"column":26},"end":{"line":260,"column":36}},"38":{"start":{"line":261,"column":26},"end":{"line":261,"column":36}},"39":{"start":{"line":262,"column":21},"end":{"line":262,"column":31}},"40":{"start":{"line":265,"column":25},"end":{"line":265,"column":44}},"41":{"start":{"line":266,"column":4},"end":{"line":363,"column":5}},"42":{"start":{"line":266,"column":21},"end":{"line":266,"column":22}},"43":{"start":{"line":267,"column":20},"end":{"line":267,"column":25}},"44":{"start":{"line":268,"column":24},"end":{"line":268,"column":25}},"45":{"start":{"line":269,"column":8},"end":{"line":276,"column":9}},"46":{"start":{"line":270,"column":22},"end":{"line":270,"column":25}},"47":{"start":{"line":271,"column":22},"end":{"line":271,"column":26}},"48":{"start":{"line":273,"column":22},"end":{"line":273,"column":59}},"49":{"start":{"line":274,"column":22},"end":{"line":274,"column":59}},"50":{"start":{"line":275,"column":37},"end":{"line":275,"column":38}},"51":{"start":{"line":277,"column":8},"end":{"line":362,"column":9}},"52":{"start":{"line":278,"column":12},"end":{"line":280,"column":13}},"53":{"start":{"line":279,"column":16},"end":{"line":279,"column":104}},"54":{"start":{"line":283,"column":12},"end":{"line":326,"column":13}},"55":{"start":{"line":284,"column":16},"end":{"line":303,"column":17}},"56":{"start":{"line":285,"column":20},"end":{"line":285,"column":30}},"57":{"start":{"line":286,"column":20},"end":{"line":286,"column":31}},"58":{"start":{"line":287,"column":20},"end":{"line":287,"column":34}},"59":{"start":{"line":288,"column":20},"end":{"line":288,"column":41}},"60":{"start":{"line":289,"column":20},"end":{"line":298,"column":21}},"61":{"start":{"line":290,"column":24},"end":{"line":290,"column":75}},"62":{"start":{"line":291,"column":27},"end":{"line":298,"column":21}},"63":{"start":{"line":292,"column":24},"end":{"line":292,"column":72}},"64":{"start":{"line":293,"column":27},"end":{"line":298,"column":21}},"65":{"start":{"line":294,"column":24},"end":{"line":294,"column":112}},"66":{"start":{"line":296,"column":24},"end":{"line":296,"column":44}},"67":{"start":{"line":297,"column":24},"end":{"line":297,"column":44}},"68":{"start":{"line":300,"column":20},"end":{"line":300,"column":62}},"69":{"start":{"line":301,"column":20},"end":{"line":301,"column":62}},"70":{"start":{"line":302,"column":20},"end":{"line":302,"column":33}},"71":{"start":{"line":305,"column":16},"end":{"line":325,"column":17}},"72":{"start":{"line":306,"column":20},"end":{"line":306,"column":81}},"73":{"start":{"line":307,"column":20},"end":{"line":307,"column":81}},"74":{"start":{"line":308,"column":20},"end":{"line":308,"column":42}},"75":{"start":{"line":309,"column":23},"end":{"line":325,"column":17}},"76":{"start":{"line":310,"column":20},"end":{"line":310,"column":41}},"77":{"start":{"line":311,"column":20},"end":{"line":311,"column":64}},"78":{"start":{"line":312,"column":20},"end":{"line":312,"column":64}},"79":{"start":{"line":313,"column":20},"end":{"line":322,"column":21}},"80":{"start":{"line":314,"column":24},"end":{"line":314,"column":75}},"81":{"start":{"line":315,"column":27},"end":{"line":322,"column":21}},"82":{"start":{"line":316,"column":24},"end":{"line":316,"column":72}},"83":{"start":{"line":317,"column":27},"end":{"line":322,"column":21}},"84":{"start":{"line":318,"column":24},"end":{"line":318,"column":112}},"85":{"start":{"line":320,"column":24},"end":{"line":320,"column":44}},"86":{"start":{"line":321,"column":24},"end":{"line":321,"column":44}},"87":{"start":{"line":324,"column":20},"end":{"line":324,"column":53}},"88":{"start":{"line":328,"column":32},"end":{"line":328,"column":69}},"89":{"start":{"line":331,"column":12},"end":{"line":331,"column":140}},"90":{"start":{"line":331,"column":58},"end":{"line":331,"column":138}},"91":{"start":{"line":334,"column":12},"end":{"line":334,"column":94}},"92":{"start":{"line":334,"column":51},"end":{"line":334,"column":92}},"93":{"start":{"line":337,"column":12},"end":{"line":337,"column":103}},"94":{"start":{"line":337,"column":56},"end":{"line":337,"column":101}},"95":{"start":{"line":340,"column":12},"end":{"line":340,"column":170}},"96":{"start":{"line":340,"column":56},"end":{"line":340,"column":168}},"97":{"start":{"line":341,"column":12},"end":{"line":341,"column":165}},"98":{"start":{"line":341,"column":57},"end":{"line":341,"column":163}},"99":{"start":{"line":342,"column":32},"end":{"line":342,"column":87}},"100":{"start":{"line":342,"column":57},"end":{"line":342,"column":86}},"101":{"start":{"line":343,"column":12},"end":{"line":343,"column":103}},"102":{"start":{"line":343,"column":58},"end":{"line":343,"column":101}},"103":{"start":{"line":345,"column":12},"end":{"line":359,"column":13}},"104":{"start":{"line":347,"column":34},"end":{"line":347,"column":50}},"105":{"start":{"line":348,"column":16},"end":{"line":354,"column":17}},"106":{"start":{"line":348,"column":31},"end":{"line":348,"column":32}},"107":{"start":{"line":349,"column":20},"end":{"line":349,"column":52}},"108":{"start":{"line":350,"column":20},"end":{"line":353,"column":21}},"109":{"start":{"line":350,"column":53},"end":{"line":350,"column":83}},"110":{"start":{"line":351,"column":24},"end":{"line":351,"column":103}},"111":{"start":{"line":351,"column":68},"end":{"line":351,"column":98}},"112":{"start":{"line":352,"column":24},"end":{"line":352,"column":57}},"113":{"start":{"line":356,"column":33},"end":{"line":356,"column":149}},"114":{"start":{"line":357,"column":16},"end":{"line":357,"column":38}},"115":{"start":{"line":358,"column":16},"end":{"line":358,"column":29}},"116":{"start":{"line":360,"column":12},"end":{"line":360,"column":24}},"117":{"start":{"line":361,"column":12},"end":{"line":361,"column":29}},"118":{"start":{"line":366,"column":0},"end":{"line":373,"column":2}}},"fnMap":{"0":{"name":"decimalParaHora","decl":{"start":{"line":150,"column":9},"end":{"line":150,"column":24}},"loc":{"start":{"line":150,"column":34},"end":{"line":154,"column":1}},"line":150},"1":{"name":"initParametrosSemana","decl":{"start":{"line":164,"column":9},"end":{"line":164,"column":29}},"loc":{"start":{"line":164,"column":47},"end":{"line":176,"column":1}},"line":164},"2":{"name":"filterCapacidade","decl":{"start":{"line":185,"column":9},"end":{"line":185,"column":25}},"loc":{"start":{"line":185,"column":47},"end":{"line":191,"column":1}},"line":185},"3":{"name":"(anonymous_3)","decl":{"start":{"line":187,"column":28},"end":{"line":187,"column":29}},"loc":{"start":{"line":187,"column":37},"end":{"line":187,"column":91}},"line":187},"4":{"name":"parseHour","decl":{"start":{"line":197,"column":9},"end":{"line":197,"column":18}},"loc":{"start":{"line":197,"column":25},"end":{"line":201,"column":1}},"line":197},"5":{"name":"criarDocumentoSlot","decl":{"start":{"line":219,"column":9},"end":{"line":219,"column":27}},"loc":{"start":{"line":219,"column":126},"end":{"line":236,"column":1}},"line":219},"6":{"name":"adicionarAulas","decl":{"start":{"line":245,"column":9},"end":{"line":245,"column":23}},"loc":{"start":{"line":245,"column":32},"end":{"line":364,"column":1}},"line":245},"7":{"name":"(anonymous_7)","decl":{"start":{"line":331,"column":49},"end":{"line":331,"column":50}},"loc":{"start":{"line":331,"column":58},"end":{"line":331,"column":138}},"line":331},"8":{"name":"(anonymous_8)","decl":{"start":{"line":334,"column":42},"end":{"line":334,"column":43}},"loc":{"start":{"line":334,"column":51},"end":{"line":334,"column":92}},"line":334},"9":{"name":"(anonymous_9)","decl":{"start":{"line":337,"column":47},"end":{"line":337,"column":48}},"loc":{"start":{"line":337,"column":56},"end":{"line":337,"column":101}},"line":337},"10":{"name":"(anonymous_10)","decl":{"start":{"line":340,"column":47},"end":{"line":340,"column":48}},"loc":{"start":{"line":340,"column":56},"end":{"line":340,"column":168}},"line":340},"11":{"name":"(anonymous_11)","decl":{"start":{"line":341,"column":47},"end":{"line":341,"column":48}},"loc":{"start":{"line":341,"column":57},"end":{"line":341,"column":163}},"line":341},"12":{"name":"(anonymous_12)","decl":{"start":{"line":342,"column":49},"end":{"line":342,"column":50}},"loc":{"start":{"line":342,"column":57},"end":{"line":342,"column":86}},"line":342},"13":{"name":"(anonymous_13)","decl":{"start":{"line":343,"column":49},"end":{"line":343,"column":50}},"loc":{"start":{"line":343,"column":58},"end":{"line":343,"column":101}},"line":343},"14":{"name":"(anonymous_14)","decl":{"start":{"line":350,"column":44},"end":{"line":350,"column":45}},"loc":{"start":{"line":350,"column":53},"end":{"line":350,"column":83}},"line":350},"15":{"name":"(anonymous_15)","decl":{"start":{"line":351,"column":59},"end":{"line":351,"column":60}},"loc":{"start":{"line":351,"column":68},"end":{"line":351,"column":98}},"line":351}},"branchMap":{"0":{"loc":{"start":{"line":153,"column":4},"end":{"line":153,"column":71}},"type":"if","locations":[{"start":{"line":153,"column":4},"end":{"line":153,"column":71}},{"start":{"line":153,"column":56},"end":{"line":153,"column":71}}],"line":153},"1":{"loc":{"start":{"line":168,"column":4},"end":{"line":174,"column":5}},"type":"if","locations":[{"start":{"line":168,"column":4},"end":{"line":174,"column":5}},{"start":{"line":171,"column":11},"end":{"line":174,"column":5}}],"line":168},"2":{"loc":{"start":{"line":186,"column":4},"end":{"line":190,"column":5}},"type":"if","locations":[{"start":{"line":186,"column":4},"end":{"line":190,"column":5}},{"start":{"line":188,"column":11},"end":{"line":190,"column":5}}],"line":186},"3":{"loc":{"start":{"line":198,"column":4},"end":{"line":199,"column":55}},"type":"if","locations":[{"start":{"line":198,"column":4},"end":{"line":199,"column":55}},{"start":{},"end":{}}],"line":198},"4":{"loc":{"start":{"line":269,"column":8},"end":{"line":276,"column":9}},"type":"if","locations":[{"start":{"line":269,"column":8},"end":{"line":276,"column":9}},{"start":{"line":272,"column":15},"end":{"line":276,"column":9}}],"line":269},"5":{"loc":{"start":{"line":278,"column":12},"end":{"line":280,"column":13}},"type":"if","locations":[{"start":{"line":278,"column":12},"end":{"line":280,"column":13}},{"start":{},"end":{}}],"line":278},"6":{"loc":{"start":{"line":283,"column":12},"end":{"line":326,"column":13}},"type":"if","locations":[{"start":{"line":283,"column":12},"end":{"line":326,"column":13}},{"start":{"line":304,"column":19},"end":{"line":326,"column":13}}],"line":283},"7":{"loc":{"start":{"line":284,"column":16},"end":{"line":303,"column":17}},"type":"if","locations":[{"start":{"line":284,"column":16},"end":{"line":303,"column":17}},{"start":{"line":299,"column":23},"end":{"line":303,"column":17}}],"line":284},"8":{"loc":{"start":{"line":289,"column":20},"end":{"line":298,"column":21}},"type":"if","locations":[{"start":{"line":289,"column":20},"end":{"line":298,"column":21}},{"start":{"line":291,"column":27},"end":{"line":298,"column":21}}],"line":289},"9":{"loc":{"start":{"line":289,"column":23},"end":{"line":289,"column":78}},"type":"binary-expr","locations":[{"start":{"line":289,"column":23},"end":{"line":289,"column":46}},{"start":{"line":289,"column":50},"end":{"line":289,"column":78}}],"line":289},"10":{"loc":{"start":{"line":291,"column":27},"end":{"line":298,"column":21}},"type":"if","locations":[{"start":{"line":291,"column":27},"end":{"line":298,"column":21}},{"start":{"line":293,"column":27},"end":{"line":298,"column":21}}],"line":291},"11":{"loc":{"start":{"line":293,"column":27},"end":{"line":298,"column":21}},"type":"if","locations":[{"start":{"line":293,"column":27},"end":{"line":298,"column":21}},{"start":{"line":295,"column":27},"end":{"line":298,"column":21}}],"line":293},"12":{"loc":{"start":{"line":305,"column":16},"end":{"line":325,"column":17}},"type":"if","locations":[{"start":{"line":305,"column":16},"end":{"line":325,"column":17}},{"start":{"line":309,"column":23},"end":{"line":325,"column":17}}],"line":305},"13":{"loc":{"start":{"line":305,"column":19},"end":{"line":305,"column":92}},"type":"binary-expr","locations":[{"start":{"line":305,"column":19},"end":{"line":305,"column":52}},{"start":{"line":305,"column":56},"end":{"line":305,"column":92}}],"line":305},"14":{"loc":{"start":{"line":309,"column":23},"end":{"line":325,"column":17}},"type":"if","locations":[{"start":{"line":309,"column":23},"end":{"line":325,"column":17}},{"start":{"line":323,"column":23},"end":{"line":325,"column":17}}],"line":309},"15":{"loc":{"start":{"line":313,"column":20},"end":{"line":322,"column":21}},"type":"if","locations":[{"start":{"line":313,"column":20},"end":{"line":322,"column":21}},{"start":{"line":315,"column":27},"end":{"line":322,"column":21}}],"line":313},"16":{"loc":{"start":{"line":313,"column":23},"end":{"line":313,"column":78}},"type":"binary-expr","locations":[{"start":{"line":313,"column":23},"end":{"line":313,"column":46}},{"start":{"line":313,"column":50},"end":{"line":313,"column":78}}],"line":313},"17":{"loc":{"start":{"line":315,"column":27},"end":{"line":322,"column":21}},"type":"if","locations":[{"start":{"line":315,"column":27},"end":{"line":322,"column":21}},{"start":{"line":317,"column":27},"end":{"line":322,"column":21}}],"line":315},"18":{"loc":{"start":{"line":317,"column":27},"end":{"line":322,"column":21}},"type":"if","locations":[{"start":{"line":317,"column":27},"end":{"line":322,"column":21}},{"start":{"line":319,"column":27},"end":{"line":322,"column":21}}],"line":317},"19":{"loc":{"start":{"line":345,"column":12},"end":{"line":359,"column":13}},"type":"if","locations":[{"start":{"line":345,"column":12},"end":{"line":359,"column":13}},{"start":{},"end":{}}],"line":345},"20":{"loc":{"start":{"line":350,"column":20},"end":{"line":353,"column":21}},"type":"if","locations":[{"start":{"line":350,"column":20},"end":{"line":353,"column":21}},{"start":{},"end":{}}],"line":350}},"s":{"0":1,"1":1,"2":5,"3":5,"4":5,"5":1,"6":4,"7":4,"8":4,"9":4,"10":4,"11":3,"12":3,"13":1,"14":1,"15":4,"16":3,"17":2,"18":6,"19":1,"20":4,"21":1,"22":3,"23":1,"24":1,"25":2,"26":2,"27":2,"28":2,"29":2,"30":2,"31":2,"32":2,"33":2,"34":2,"35":2,"36":2,"37":2,"38":2,"39":2,"40":2,"41":2,"42":2,"43":3,"44":3,"45":3,"46":0,"47":0,"48":3,"49":3,"50":3,"51":3,"52":3,"53":0,"54":3,"55":0,"56":0,"57":0,"58":0,"59":0,"60":0,"61":0,"62":0,"63":0,"64":0,"65":0,"66":0,"67":0,"68":0,"69":0,"70":0,"71":3,"72":0,"73":0,"74":0,"75":3,"76":3,"77":3,"78":3,"79":3,"80":0,"81":3,"82":0,"83":3,"84":2,"85":1,"86":1,"87":0,"88":1,"89":1,"90":3,"91":1,"92":2,"93":1,"94":0,"95":1,"96":0,"97":1,"98":0,"99":1,"100":0,"101":1,"102":3,"103":1,"104":1,"105":1,"106":1,"107":0,"108":0,"109":0,"110":0,"111":0,"112":0,"113":1,"114":1,"115":1,"116":1,"117":1,"118":1},"f":{"0":5,"1":4,"2":3,"3":6,"4":4,"5":1,"6":2,"7":3,"8":2,"9":0,"10":0,"11":0,"12":0,"13":3,"14":0,"15":0},"b":{"0":[1,4],"1":[3,1],"2":[2,1],"3":[1,3],"4":[0,3],"5":[0,3],"6":[0,3],"7":[0,0],"8":[0,0],"9":[0,0],"10":[0,0],"11":[0,0],"12":[0,3],"13":[3,3],"14":[3,0],"15":[0,3],"16":[3,3],"17":[0,3],"18":[2,1],"19":[1,0],"20":[0,0]},"_coverageSchema":"1a1c01bbd47fc00a2c39e90264f33305004495a9","hash":"ce9c13859cfd58b0bf4ea6655b78e97bbfbd193b"}
,"C:\\Users\\joaol\\OneDrive\\Documentos\\GitHub\\ES-2024-LIGE-Grupo-A\\testes\\functionsToTestHorario.js": {"path":"C:\\Users\\joaol\\OneDrive\\Documentos\\GitHub\\ES-2024-LIGE-Grupo-A\\testes\\functionsToTestHorario.js","statementMap":{"0":{"start":{"line":7,"column":4},"end":{"line":11,"column":5}},"1":{"start":{"line":8,"column":8},"end":{"line":8,"column":20}},"2":{"start":{"line":10,"column":8},"end":{"line":10,"column":21}},"3":{"start":{"line":20,"column":23},"end":{"line":20,"column":25}},"4":{"start":{"line":21,"column":25},"end":{"line":35,"column":5}},"5":{"start":{"line":37,"column":4},"end":{"line":39,"column":7}},"6":{"start":{"line":38,"column":8},"end":{"line":38,"column":46}},"7":{"start":{"line":41,"column":4},"end":{"line":41,"column":22}},"8":{"start":{"line":44,"column":0},"end":{"line":47,"column":2}}},"fnMap":{"0":{"name":"checkIfEmpty","decl":{"start":{"line":6,"column":9},"end":{"line":6,"column":21}},"loc":{"start":{"line":6,"column":29},"end":{"line":12,"column":1}},"line":6},"1":{"name":"createJsonEntry","decl":{"start":{"line":19,"column":10},"end":{"line":19,"column":25}},"loc":{"start":{"line":19,"column":37},"end":{"line":42,"column":1}},"line":19},"2":{"name":"(anonymous_2)","decl":{"start":{"line":37,"column":25},"end":{"line":37,"column":26}},"loc":{"start":{"line":37,"column":43},"end":{"line":39,"column":5}},"line":37}},"branchMap":{"0":{"loc":{"start":{"line":7,"column":4},"end":{"line":11,"column":5}},"type":"if","locations":[{"start":{"line":7,"column":4},"end":{"line":11,"column":5}},{"start":{"line":9,"column":11},"end":{"line":11,"column":5}}],"line":7}},"s":{"0":2,"1":1,"2":1,"3":1,"4":1,"5":1,"6":13,"7":1,"8":1},"f":{"0":2,"1":1,"2":13},"b":{"0":[1,1]},"_coverageSchema":"1a1c01bbd47fc00a2c39e90264f33305004495a9","hash":"a5f40d0c75b5e8e21d794677997274eac66d777d"}
}
