{"C:\\Users\\pedro\\ES-2024-LIGE-Grupo-A\\testes\\functionsToTest.js": {"path":"C:\\Users\\pedro\\ES-2024-LIGE-Grupo-A\\testes\\functionsToTest.js","statementMap":{"0":{"start":{"line":2,"column":22},"end":{"line":2,"column":41}},"1":{"start":{"line":3,"column":18},"end":{"line":3,"column":61}},"2":{"start":{"line":4,"column":4},"end":{"line":4,"column":71}},"3":{"start":{"line":4,"column":23},"end":{"line":4,"column":50}},"4":{"start":{"line":4,"column":56},"end":{"line":4,"column":71}},"5":{"start":{"line":8,"column":25},"end":{"line":8,"column":67}},"6":{"start":{"line":9,"column":26},"end":{"line":9,"column":27}},"7":{"start":{"line":10,"column":4},"end":{"line":10,"column":33}},"8":{"start":{"line":11,"column":4},"end":{"line":17,"column":5}},"9":{"start":{"line":12,"column":30},"end":{"line":12,"column":48}},"10":{"start":{"line":13,"column":25},"end":{"line":13,"column":47}},"11":{"start":{"line":15,"column":30},"end":{"line":15,"column":45}},"12":{"start":{"line":16,"column":25},"end":{"line":16,"column":26}},"13":{"start":{"line":18,"column":4},"end":{"line":18,"column":59}},"14":{"start":{"line":22,"column":4},"end":{"line":26,"column":5}},"15":{"start":{"line":23,"column":8},"end":{"line":23,"column":93}},"16":{"start":{"line":23,"column":37},"end":{"line":23,"column":91}},"17":{"start":{"line":25,"column":8},"end":{"line":25,"column":21}},"18":{"start":{"line":30,"column":4},"end":{"line":31,"column":44}},"19":{"start":{"line":31,"column":8},"end":{"line":31,"column":44}},"20":{"start":{"line":32,"column":4},"end":{"line":32,"column":16}},"21":{"start":{"line":36,"column":21},"end":{"line":50,"column":5}},"22":{"start":{"line":51,"column":4},"end":{"line":51,"column":20}},"23":{"start":{"line":55,"column":23},"end":{"line":55,"column":31}},"24":{"start":{"line":56,"column":13},"end":{"line":56,"column":22}},"25":{"start":{"line":57,"column":22},"end":{"line":57,"column":31}},"26":{"start":{"line":58,"column":19},"end":{"line":58,"column":28}},"27":{"start":{"line":59,"column":26},"end":{"line":59,"column":35}},"28":{"start":{"line":60,"column":23},"end":{"line":60,"column":32}},"29":{"start":{"line":61,"column":28},"end":{"line":61,"column":37}},"30":{"start":{"line":62,"column":23},"end":{"line":62,"column":32}},"31":{"start":{"line":63,"column":20},"end":{"line":63,"column":29}},"32":{"start":{"line":64,"column":22},"end":{"line":64,"column":26}},"33":{"start":{"line":65,"column":25},"end":{"line":65,"column":67}},"34":{"start":{"line":68,"column":18},"end":{"line":68,"column":55}},"35":{"start":{"line":69,"column":26},"end":{"line":69,"column":36}},"36":{"start":{"line":70,"column":26},"end":{"line":70,"column":36}},"37":{"start":{"line":71,"column":21},"end":{"line":71,"column":31}},"38":{"start":{"line":74,"column":25},"end":{"line":74,"column":44}},"39":{"start":{"line":75,"column":4},"end":{"line":175,"column":5}},"40":{"start":{"line":75,"column":21},"end":{"line":75,"column":22}},"41":{"start":{"line":76,"column":20},"end":{"line":76,"column":25}},"42":{"start":{"line":77,"column":24},"end":{"line":77,"column":25}},"43":{"start":{"line":78,"column":8},"end":{"line":85,"column":9}},"44":{"start":{"line":79,"column":22},"end":{"line":79,"column":25}},"45":{"start":{"line":80,"column":22},"end":{"line":80,"column":26}},"46":{"start":{"line":82,"column":22},"end":{"line":82,"column":59}},"47":{"start":{"line":83,"column":22},"end":{"line":83,"column":59}},"48":{"start":{"line":84,"column":37},"end":{"line":84,"column":38}},"49":{"start":{"line":86,"column":8},"end":{"line":174,"column":9}},"50":{"start":{"line":87,"column":12},"end":{"line":90,"column":13}},"51":{"start":{"line":88,"column":16},"end":{"line":88,"column":90}},"52":{"start":{"line":89,"column":16},"end":{"line":89,"column":22}},"53":{"start":{"line":93,"column":12},"end":{"line":138,"column":13}},"54":{"start":{"line":94,"column":16},"end":{"line":114,"column":17}},"55":{"start":{"line":95,"column":20},"end":{"line":95,"column":30}},"56":{"start":{"line":96,"column":20},"end":{"line":96,"column":31}},"57":{"start":{"line":97,"column":20},"end":{"line":97,"column":34}},"58":{"start":{"line":98,"column":20},"end":{"line":98,"column":41}},"59":{"start":{"line":99,"column":20},"end":{"line":109,"column":21}},"60":{"start":{"line":100,"column":24},"end":{"line":100,"column":75}},"61":{"start":{"line":101,"column":27},"end":{"line":109,"column":21}},"62":{"start":{"line":102,"column":24},"end":{"line":102,"column":72}},"63":{"start":{"line":103,"column":27},"end":{"line":109,"column":21}},"64":{"start":{"line":104,"column":24},"end":{"line":104,"column":102}},"65":{"start":{"line":105,"column":24},"end":{"line":105,"column":30}},"66":{"start":{"line":107,"column":24},"end":{"line":107,"column":44}},"67":{"start":{"line":108,"column":24},"end":{"line":108,"column":44}},"68":{"start":{"line":111,"column":20},"end":{"line":111,"column":62}},"69":{"start":{"line":112,"column":20},"end":{"line":112,"column":62}},"70":{"start":{"line":113,"column":20},"end":{"line":113,"column":33}},"71":{"start":{"line":116,"column":16},"end":{"line":137,"column":17}},"72":{"start":{"line":117,"column":20},"end":{"line":117,"column":81}},"73":{"start":{"line":118,"column":20},"end":{"line":118,"column":81}},"74":{"start":{"line":119,"column":20},"end":{"line":119,"column":42}},"75":{"start":{"line":120,"column":23},"end":{"line":137,"column":17}},"76":{"start":{"line":121,"column":20},"end":{"line":121,"column":41}},"77":{"start":{"line":122,"column":20},"end":{"line":122,"column":64}},"78":{"start":{"line":123,"column":20},"end":{"line":123,"column":64}},"79":{"start":{"line":124,"column":20},"end":{"line":134,"column":21}},"80":{"start":{"line":125,"column":24},"end":{"line":125,"column":75}},"81":{"start":{"line":126,"column":27},"end":{"line":134,"column":21}},"82":{"start":{"line":127,"column":24},"end":{"line":127,"column":72}},"83":{"start":{"line":128,"column":27},"end":{"line":134,"column":21}},"84":{"start":{"line":129,"column":24},"end":{"line":129,"column":102}},"85":{"start":{"line":130,"column":24},"end":{"line":130,"column":30}},"86":{"start":{"line":132,"column":24},"end":{"line":132,"column":44}},"87":{"start":{"line":133,"column":24},"end":{"line":133,"column":44}},"88":{"start":{"line":136,"column":20},"end":{"line":136,"column":53}},"89":{"start":{"line":140,"column":32},"end":{"line":140,"column":69}},"90":{"start":{"line":143,"column":12},"end":{"line":143,"column":140}},"91":{"start":{"line":143,"column":58},"end":{"line":143,"column":138}},"92":{"start":{"line":146,"column":12},"end":{"line":146,"column":95}},"93":{"start":{"line":146,"column":52},"end":{"line":146,"column":93}},"94":{"start":{"line":149,"column":12},"end":{"line":149,"column":103}},"95":{"start":{"line":149,"column":56},"end":{"line":149,"column":101}},"96":{"start":{"line":152,"column":12},"end":{"line":152,"column":170}},"97":{"start":{"line":152,"column":56},"end":{"line":152,"column":168}},"98":{"start":{"line":153,"column":12},"end":{"line":153,"column":165}},"99":{"start":{"line":153,"column":57},"end":{"line":153,"column":163}},"100":{"start":{"line":154,"column":32},"end":{"line":154,"column":87}},"101":{"start":{"line":154,"column":57},"end":{"line":154,"column":86}},"102":{"start":{"line":155,"column":12},"end":{"line":155,"column":103}},"103":{"start":{"line":155,"column":58},"end":{"line":155,"column":101}},"104":{"start":{"line":157,"column":12},"end":{"line":171,"column":13}},"105":{"start":{"line":159,"column":34},"end":{"line":159,"column":50}},"106":{"start":{"line":160,"column":16},"end":{"line":166,"column":17}},"107":{"start":{"line":160,"column":31},"end":{"line":160,"column":32}},"108":{"start":{"line":161,"column":20},"end":{"line":161,"column":52}},"109":{"start":{"line":162,"column":20},"end":{"line":165,"column":21}},"110":{"start":{"line":162,"column":53},"end":{"line":162,"column":83}},"111":{"start":{"line":163,"column":24},"end":{"line":163,"column":103}},"112":{"start":{"line":163,"column":68},"end":{"line":163,"column":98}},"113":{"start":{"line":164,"column":24},"end":{"line":164,"column":57}},"114":{"start":{"line":168,"column":33},"end":{"line":168,"column":149}},"115":{"start":{"line":169,"column":16},"end":{"line":169,"column":38}},"116":{"start":{"line":170,"column":16},"end":{"line":170,"column":29}},"117":{"start":{"line":172,"column":12},"end":{"line":172,"column":24}},"118":{"start":{"line":173,"column":12},"end":{"line":173,"column":29}},"119":{"start":{"line":178,"column":0},"end":{"line":185,"column":2}}},"fnMap":{"0":{"name":"decimalParaHora","decl":{"start":{"line":1,"column":9},"end":{"line":1,"column":24}},"loc":{"start":{"line":1,"column":34},"end":{"line":5,"column":1}},"line":1},"1":{"name":"initParametrosSemana","decl":{"start":{"line":7,"column":9},"end":{"line":7,"column":29}},"loc":{"start":{"line":7,"column":47},"end":{"line":19,"column":1}},"line":7},"2":{"name":"filterCapacidade","decl":{"start":{"line":21,"column":9},"end":{"line":21,"column":25}},"loc":{"start":{"line":21,"column":47},"end":{"line":27,"column":1}},"line":21},"3":{"name":"(anonymous_3)","decl":{"start":{"line":23,"column":28},"end":{"line":23,"column":29}},"loc":{"start":{"line":23,"column":37},"end":{"line":23,"column":91}},"line":23},"4":{"name":"parseHour","decl":{"start":{"line":29,"column":9},"end":{"line":29,"column":18}},"loc":{"start":{"line":29,"column":25},"end":{"line":33,"column":1}},"line":29},"5":{"name":"criarDocumentoSlot","decl":{"start":{"line":35,"column":9},"end":{"line":35,"column":27}},"loc":{"start":{"line":35,"column":126},"end":{"line":52,"column":1}},"line":35},"6":{"name":"adicionarAulas","decl":{"start":{"line":54,"column":9},"end":{"line":54,"column":23}},"loc":{"start":{"line":54,"column":32},"end":{"line":176,"column":1}},"line":54},"7":{"name":"(anonymous_7)","decl":{"start":{"line":143,"column":49},"end":{"line":143,"column":50}},"loc":{"start":{"line":143,"column":58},"end":{"line":143,"column":138}},"line":143},"8":{"name":"(anonymous_8)","decl":{"start":{"line":146,"column":43},"end":{"line":146,"column":44}},"loc":{"start":{"line":146,"column":52},"end":{"line":146,"column":93}},"line":146},"9":{"name":"(anonymous_9)","decl":{"start":{"line":149,"column":47},"end":{"line":149,"column":48}},"loc":{"start":{"line":149,"column":56},"end":{"line":149,"column":101}},"line":149},"10":{"name":"(anonymous_10)","decl":{"start":{"line":152,"column":47},"end":{"line":152,"column":48}},"loc":{"start":{"line":152,"column":56},"end":{"line":152,"column":168}},"line":152},"11":{"name":"(anonymous_11)","decl":{"start":{"line":153,"column":47},"end":{"line":153,"column":48}},"loc":{"start":{"line":153,"column":57},"end":{"line":153,"column":163}},"line":153},"12":{"name":"(anonymous_12)","decl":{"start":{"line":154,"column":49},"end":{"line":154,"column":50}},"loc":{"start":{"line":154,"column":57},"end":{"line":154,"column":86}},"line":154},"13":{"name":"(anonymous_13)","decl":{"start":{"line":155,"column":49},"end":{"line":155,"column":50}},"loc":{"start":{"line":155,"column":58},"end":{"line":155,"column":101}},"line":155},"14":{"name":"(anonymous_14)","decl":{"start":{"line":162,"column":44},"end":{"line":162,"column":45}},"loc":{"start":{"line":162,"column":53},"end":{"line":162,"column":83}},"line":162},"15":{"name":"(anonymous_15)","decl":{"start":{"line":163,"column":59},"end":{"line":163,"column":60}},"loc":{"start":{"line":163,"column":68},"end":{"line":163,"column":98}},"line":163}},"branchMap":{"0":{"loc":{"start":{"line":4,"column":4},"end":{"line":4,"column":71}},"type":"if","locations":[{"start":{"line":4,"column":4},"end":{"line":4,"column":71}},{"start":{"line":4,"column":56},"end":{"line":4,"column":71}}],"line":4},"1":{"loc":{"start":{"line":11,"column":4},"end":{"line":17,"column":5}},"type":"if","locations":[{"start":{"line":11,"column":4},"end":{"line":17,"column":5}},{"start":{"line":14,"column":11},"end":{"line":17,"column":5}}],"line":11},"2":{"loc":{"start":{"line":22,"column":4},"end":{"line":26,"column":5}},"type":"if","locations":[{"start":{"line":22,"column":4},"end":{"line":26,"column":5}},{"start":{"line":24,"column":11},"end":{"line":26,"column":5}}],"line":22},"3":{"loc":{"start":{"line":30,"column":4},"end":{"line":31,"column":44}},"type":"if","locations":[{"start":{"line":30,"column":4},"end":{"line":31,"column":44}},{"start":{},"end":{}}],"line":30},"4":{"loc":{"start":{"line":78,"column":8},"end":{"line":85,"column":9}},"type":"if","locations":[{"start":{"line":78,"column":8},"end":{"line":85,"column":9}},{"start":{"line":81,"column":15},"end":{"line":85,"column":9}}],"line":78},"5":{"loc":{"start":{"line":87,"column":12},"end":{"line":90,"column":13}},"type":"if","locations":[{"start":{"line":87,"column":12},"end":{"line":90,"column":13}},{"start":{},"end":{}}],"line":87},"6":{"loc":{"start":{"line":93,"column":12},"end":{"line":138,"column":13}},"type":"if","locations":[{"start":{"line":93,"column":12},"end":{"line":138,"column":13}},{"start":{"line":115,"column":19},"end":{"line":138,"column":13}}],"line":93},"7":{"loc":{"start":{"line":94,"column":16},"end":{"line":114,"column":17}},"type":"if","locations":[{"start":{"line":94,"column":16},"end":{"line":114,"column":17}},{"start":{"line":110,"column":23},"end":{"line":114,"column":17}}],"line":94},"8":{"loc":{"start":{"line":99,"column":20},"end":{"line":109,"column":21}},"type":"if","locations":[{"start":{"line":99,"column":20},"end":{"line":109,"column":21}},{"start":{"line":101,"column":27},"end":{"line":109,"column":21}}],"line":99},"9":{"loc":{"start":{"line":99,"column":23},"end":{"line":99,"column":78}},"type":"binary-expr","locations":[{"start":{"line":99,"column":23},"end":{"line":99,"column":46}},{"start":{"line":99,"column":50},"end":{"line":99,"column":78}}],"line":99},"10":{"loc":{"start":{"line":101,"column":27},"end":{"line":109,"column":21}},"type":"if","locations":[{"start":{"line":101,"column":27},"end":{"line":109,"column":21}},{"start":{"line":103,"column":27},"end":{"line":109,"column":21}}],"line":101},"11":{"loc":{"start":{"line":103,"column":27},"end":{"line":109,"column":21}},"type":"if","locations":[{"start":{"line":103,"column":27},"end":{"line":109,"column":21}},{"start":{"line":106,"column":27},"end":{"line":109,"column":21}}],"line":103},"12":{"loc":{"start":{"line":116,"column":16},"end":{"line":137,"column":17}},"type":"if","locations":[{"start":{"line":116,"column":16},"end":{"line":137,"column":17}},{"start":{"line":120,"column":23},"end":{"line":137,"column":17}}],"line":116},"13":{"loc":{"start":{"line":116,"column":19},"end":{"line":116,"column":92}},"type":"binary-expr","locations":[{"start":{"line":116,"column":19},"end":{"line":116,"column":52}},{"start":{"line":116,"column":56},"end":{"line":116,"column":92}}],"line":116},"14":{"loc":{"start":{"line":120,"column":23},"end":{"line":137,"column":17}},"type":"if","locations":[{"start":{"line":120,"column":23},"end":{"line":137,"column":17}},{"start":{"line":135,"column":23},"end":{"line":137,"column":17}}],"line":120},"15":{"loc":{"start":{"line":124,"column":20},"end":{"line":134,"column":21}},"type":"if","locations":[{"start":{"line":124,"column":20},"end":{"line":134,"column":21}},{"start":{"line":126,"column":27},"end":{"line":134,"column":21}}],"line":124},"16":{"loc":{"start":{"line":124,"column":23},"end":{"line":124,"column":78}},"type":"binary-expr","locations":[{"start":{"line":124,"column":23},"end":{"line":124,"column":46}},{"start":{"line":124,"column":50},"end":{"line":124,"column":78}}],"line":124},"17":{"loc":{"start":{"line":126,"column":27},"end":{"line":134,"column":21}},"type":"if","locations":[{"start":{"line":126,"column":27},"end":{"line":134,"column":21}},{"start":{"line":128,"column":27},"end":{"line":134,"column":21}}],"line":126},"18":{"loc":{"start":{"line":128,"column":27},"end":{"line":134,"column":21}},"type":"if","locations":[{"start":{"line":128,"column":27},"end":{"line":134,"column":21}},{"start":{"line":131,"column":27},"end":{"line":134,"column":21}}],"line":128},"19":{"loc":{"start":{"line":157,"column":12},"end":{"line":171,"column":13}},"type":"if","locations":[{"start":{"line":157,"column":12},"end":{"line":171,"column":13}},{"start":{},"end":{}}],"line":157},"20":{"loc":{"start":{"line":162,"column":20},"end":{"line":165,"column":21}},"type":"if","locations":[{"start":{"line":162,"column":20},"end":{"line":165,"column":21}},{"start":{},"end":{}}],"line":162}},"s":{"0":2,"1":2,"2":2,"3":1,"4":1,"5":2,"6":2,"7":2,"8":2,"9":1,"10":1,"11":1,"12":1,"13":2,"14":2,"15":1,"16":3,"17":1,"18":2,"19":1,"20":1,"21":0,"22":0,"23":0,"24":0,"25":0,"26":0,"27":0,"28":0,"29":0,"30":0,"31":0,"32":0,"33":0,"34":0,"35":0,"36":0,"37":0,"38":0,"39":0,"40":0,"41":0,"42":0,"43":0,"44":0,"45":0,"46":0,"47":0,"48":0,"49":0,"50":0,"51":0,"52":0,"53":0,"54":0,"55":0,"56":0,"57":0,"58":0,"59":0,"60":0,"61":0,"62":0,"63":0,"64":0,"65":0,"66":0,"67":0,"68":0,"69":0,"70":0,"71":0,"72":0,"73":0,"74":0,"75":0,"76":0,"77":0,"78":0,"79":0,"80":0,"81":0,"82":0,"83":0,"84":0,"85":0,"86":0,"87":0,"88":0,"89":0,"90":0,"91":0,"92":0,"93":0,"94":0,"95":0,"96":0,"97":0,"98":0,"99":0,"100":0,"101":0,"102":0,"103":0,"104":0,"105":0,"106":0,"107":0,"108":0,"109":0,"110":0,"111":0,"112":0,"113":0,"114":0,"115":0,"116":0,"117":0,"118":0,"119":1},"f":{"0":2,"1":2,"2":2,"3":3,"4":2,"5":0,"6":0,"7":0,"8":0,"9":0,"10":0,"11":0,"12":0,"13":0,"14":0,"15":0},"b":{"0":[1,1],"1":[1,1],"2":[1,1],"3":[1,1],"4":[0,0],"5":[0,0],"6":[0,0],"7":[0,0],"8":[0,0],"9":[0,0],"10":[0,0],"11":[0,0],"12":[0,0],"13":[0,0],"14":[0,0],"15":[0,0],"16":[0,0],"17":[0,0],"18":[0,0],"19":[0,0],"20":[0,0]},"_coverageSchema":"1a1c01bbd47fc00a2c39e90264f33305004495a9","hash":"d53084f91a59331dc03a80cefeab9d01aad71a0f"}
}
