TN:
SF:functionsToTest.js
FN:1,decimalParaHora
FN:7,initParametrosSemana
FN:21,filterCapacidade
FN:23,(anonymous_3)
FN:29,parseHour
FN:35,criarDocumentoSlot
FN:54,adicionarAulas
FN:143,(anonymous_7)
FN:146,(anonymous_8)
FN:149,(anonymous_9)
FN:152,(anonymous_10)
FN:153,(anonymous_11)
FN:154,(anonymous_12)
FN:155,(anonymous_13)
FN:162,(anonymous_14)
FN:163,(anonymous_15)
FNF:16
FNH:5
FNDA:2,decimalParaHora
FNDA:2,initParametrosSemana
FNDA:2,filterCapacidade
FNDA:3,(anonymous_3)
FNDA:2,parseHour
FNDA:0,criarDocumentoSlot
FNDA:0,adicionarAulas
FNDA:0,(anonymous_7)
FNDA:0,(anonymous_8)
FNDA:0,(anonymous_9)
FNDA:0,(anonymous_10)
FNDA:0,(anonymous_11)
FNDA:0,(anonymous_12)
FNDA:0,(anonymous_13)
FNDA:0,(anonymous_14)
FNDA:0,(anonymous_15)
DA:2,2
DA:3,2
DA:4,2
DA:8,2
DA:9,2
DA:10,2
DA:11,2
DA:12,1
DA:13,1
DA:15,1
DA:16,1
DA:18,2
DA:22,2
DA:23,3
DA:25,1
DA:30,2
DA:31,1
DA:32,1
DA:36,0
DA:51,0
DA:55,0
DA:56,0
DA:57,0
DA:58,0
DA:59,0
DA:60,0
DA:61,0
DA:62,0
DA:63,0
DA:64,0
DA:65,0
DA:68,0
DA:69,0
DA:70,0
DA:71,0
DA:74,0
DA:75,0
DA:76,0
DA:77,0
DA:78,0
DA:79,0
DA:80,0
DA:82,0
DA:83,0
DA:84,0
DA:86,0
DA:87,0
DA:88,0
DA:89,0
DA:93,0
DA:94,0
DA:95,0
DA:96,0
DA:97,0
DA:98,0
DA:99,0
DA:100,0
DA:101,0
DA:102,0
DA:103,0
DA:104,0
DA:105,0
DA:107,0
DA:108,0
DA:111,0
DA:112,0
DA:113,0
DA:116,0
DA:117,0
DA:118,0
DA:119,0
DA:120,0
DA:121,0
DA:122,0
DA:123,0
DA:124,0
DA:125,0
DA:126,0
DA:127,0
DA:128,0
DA:129,0
DA:130,0
DA:132,0
DA:133,0
DA:136,0
DA:140,0
DA:143,0
DA:146,0
DA:149,0
DA:152,0
DA:153,0
DA:154,0
DA:155,0
DA:157,0
DA:159,0
DA:160,0
DA:161,0
DA:162,0
DA:163,0
DA:164,0
DA:168,0
DA:169,0
DA:170,0
DA:172,0
DA:173,0
DA:178,1
LF:106
LH:19
BRDA:4,0,0,1
BRDA:4,0,1,1
BRDA:11,1,0,1
BRDA:11,1,1,1
BRDA:22,2,0,1
BRDA:22,2,1,1
BRDA:30,3,0,1
BRDA:30,3,1,1
BRDA:78,4,0,0
BRDA:78,4,1,0
BRDA:87,5,0,0
BRDA:87,5,1,0
BRDA:93,6,0,0
BRDA:93,6,1,0
BRDA:94,7,0,0
BRDA:94,7,1,0
BRDA:99,8,0,0
BRDA:99,8,1,0
BRDA:99,9,0,0
BRDA:99,9,1,0
BRDA:101,10,0,0
BRDA:101,10,1,0
BRDA:103,11,0,0
BRDA:103,11,1,0
BRDA:116,12,0,0
BRDA:116,12,1,0
BRDA:116,13,0,0
BRDA:116,13,1,0
BRDA:120,14,0,0
BRDA:120,14,1,0
BRDA:124,15,0,0
BRDA:124,15,1,0
BRDA:124,16,0,0
BRDA:124,16,1,0
BRDA:126,17,0,0
BRDA:126,17,1,0
BRDA:128,18,0,0
BRDA:128,18,1,0
BRDA:157,19,0,0
BRDA:157,19,1,0
BRDA:162,20,0,0
BRDA:162,20,1,0
BRF:42
BRH:8
end_of_record
