TN:
SF:functionsToTest.js
FN:150,decimalParaHora
FN:164,initParametrosSemana
FN:185,filterCapacidade
FN:187,(anonymous_3)
FN:197,parseHour
FN:219,criarDocumentoSlot
FN:245,adicionarAulas
FN:331,(anonymous_7)
FN:334,(anonymous_8)
FN:337,(anonymous_9)
FN:340,(anonymous_10)
FN:341,(anonymous_11)
FN:342,(anonymous_12)
FN:343,(anonymous_13)
FN:350,(anonymous_14)
FN:351,(anonymous_15)
FNF:16
FNH:10
FNDA:5,decimalParaHora
FNDA:4,initParametrosSemana
FNDA:3,filterCapacidade
FNDA:6,(anonymous_3)
FNDA:4,parseHour
FNDA:1,criarDocumentoSlot
FNDA:2,adicionarAulas
FNDA:3,(anonymous_7)
FNDA:2,(anonymous_8)
FNDA:0,(anonymous_9)
FNDA:0,(anonymous_10)
FNDA:0,(anonymous_11)
FNDA:0,(anonymous_12)
FNDA:3,(anonymous_13)
FNDA:0,(anonymous_14)
FNDA:0,(anonymous_15)
DA:1,1
DA:31,1
DA:151,5
DA:152,5
DA:153,5
DA:165,4
DA:166,4
DA:167,4
DA:168,4
DA:169,3
DA:170,3
DA:172,1
DA:173,1
DA:175,4
DA:186,3
DA:187,6
DA:189,1
DA:198,4
DA:199,1
DA:200,3
DA:220,1
DA:235,1
DA:246,2
DA:247,2
DA:248,2
DA:249,2
DA:250,2
DA:251,2
DA:252,2
DA:253,2
DA:254,2
DA:255,2
DA:256,2
DA:259,2
DA:260,2
DA:261,2
DA:262,2
DA:265,2
DA:266,2
DA:267,3
DA:268,3
DA:269,3
DA:270,0
DA:271,0
DA:273,3
DA:274,3
DA:275,3
DA:277,3
DA:278,3
DA:279,0
DA:283,3
DA:284,0
DA:285,0
DA:286,0
DA:287,0
DA:288,0
DA:289,0
DA:290,0
DA:291,0
DA:292,0
DA:293,0
DA:294,0
DA:296,0
DA:297,0
DA:300,0
DA:301,0
DA:302,0
DA:305,3
DA:306,0
DA:307,0
DA:308,0
DA:309,3
DA:310,3
DA:311,3
DA:312,3
DA:313,3
DA:314,0
DA:315,3
DA:316,0
DA:317,3
DA:318,2
DA:320,1
DA:321,1
DA:324,0
DA:328,1
DA:331,3
DA:334,2
DA:337,1
DA:340,1
DA:341,1
DA:342,1
DA:343,3
DA:345,1
DA:347,1
DA:348,1
DA:349,0
DA:350,0
DA:351,0
DA:352,0
DA:356,1
DA:357,1
DA:358,1
DA:360,1
DA:361,1
DA:366,1
LF:105
LH:76
BRDA:153,0,0,1
BRDA:153,0,1,4
BRDA:168,1,0,3
BRDA:168,1,1,1
BRDA:186,2,0,2
BRDA:186,2,1,1
BRDA:198,3,0,1
BRDA:198,3,1,3
BRDA:269,4,0,0
BRDA:269,4,1,3
BRDA:278,5,0,0
BRDA:278,5,1,3
BRDA:283,6,0,0
BRDA:283,6,1,3
BRDA:284,7,0,0
BRDA:284,7,1,0
BRDA:289,8,0,0
BRDA:289,8,1,0
BRDA:289,9,0,0
BRDA:289,9,1,0
BRDA:291,10,0,0
BRDA:291,10,1,0
BRDA:293,11,0,0
BRDA:293,11,1,0
BRDA:305,12,0,0
BRDA:305,12,1,3
BRDA:305,13,0,3
BRDA:305,13,1,3
BRDA:309,14,0,3
BRDA:309,14,1,0
BRDA:313,15,0,0
BRDA:313,15,1,3
BRDA:313,16,0,3
BRDA:313,16,1,3
BRDA:315,17,0,0
BRDA:315,17,1,3
BRDA:317,18,0,2
BRDA:317,18,1,1
BRDA:345,19,0,1
BRDA:345,19,1,0
BRDA:350,20,0,0
BRDA:350,20,1,0
BRF:42
BRH:22
end_of_record
TN:
SF:functionsToTestHorario.js
FN:6,checkIfEmpty
FN:19,createJsonEntry
FN:37,(anonymous_2)
FNF:3
FNH:3
FNDA:2,checkIfEmpty
FNDA:1,createJsonEntry
FNDA:13,(anonymous_2)
DA:7,2
DA:8,1
DA:10,1
DA:20,1
DA:21,1
DA:37,1
DA:38,13
DA:41,1
DA:44,1
LF:9
LH:9
BRDA:7,0,0,1
BRDA:7,0,1,1
BRF:2
BRH:2
end_of_record
